[1777389107] Greeting, hello.

[1777389116] Bahram and Hamid introduce themselves. Kamran.

[1777389128] Seymour John introduces himself, goes by Seymour.

[1777389147] Alright, let's go. Simon's good.

[1777389169] Don't worry about the water and things — don't make it political. It'll work out.

[1777389175] Someone asks what to put inside, gets shown how to move, then says quit it.

[1777389194] God's donkey.

[1777389206] Very well, you go ahead. In God's shelter.

[1777389227] Charge.

[1777389248] Sami says hello. Mehran responds. Sami greets him again.

[1777389586] Let me read through this first.

[1777389606] Speaker says it's common for Iranians to greet each other this way. Mentions having an old student.

[1777389634] Someone says they're Hoda, an architect. A new speaker greets everyone and says his name is Navid.

[1777389653] Same thing. I went to the salon yesterday and got my nails done.

[1777389660] God bless you with this, and may you stay well.

[1777389679] Hodr says his name and his job is at a hair salon.

[1777389688] from the hour in the hallway at Sucker

[1777389718] But I have very kind colleagues. Three or four times a day.

[1777389724] I do some a couple times, they're satisfied overall.

[1777389729] The schedule is really tough. I have good preparation and...

[1777389734] Someone mentions their own schedule going forward, then there's a greeting.

[1777389752] They have some kind of listening or comprehension exercise coming up.

[1777389771] How many times do you eat lunch — alone or with family?

[1777389778] This course is usually twelve weeks, or after that, depending on whether you want to continue or not—maybe with...

[1777389817] Sweetest blessings to you.

[1777389880] This lunch thing — three of them eat together, but usually Farza eats alone.

[1777389886] But on weekends she stays home. We usually eat lunch when we come back from the gym.

[1777389896] and at two-thirty there, or starting then—and since everyone wants to eat with the family, we're doing more fasting these days.

[1777389902] Where should I go?

Honestly, you're doing great every time.

One moment, more calm.

[1777389908] I'm alone most of the time except for once when I was at home and heard sounds.

[1777389913] I'm struggling with the transcription quality of this Farsi line. The phrase appears to be fragmentary or contains transcription artifacts that obscure the intended meaning. The words don't cohere clearly into standard Farsi syntax.

Could you confirm the source transcription is accurate? If it's meant to convey something about fasting, going out, or inviting someone, I want to make sure I'm rendering the actual gist and not guessing.

[1777389929] From her side of things, evening meals are her work to handle, and then...

[1777389934] On weekends she stays home and they eat lunch together when they return.

[1777389939] If you'd like to support me and get these benefits, join my Patreon.

